<?xml version="1.0" encoding="UTF-8"?>
<!-- Generated by org.testng.reporters.JUnitReportReporter -->
<testsuite hostname="LAPTOP-704UC4MD" failures="0" tests="1" name="shopping_Admin.ModuleTest.ManageProductTest" time="41.707" errors="0" timestamp="14 Jul 2024 18:37:05 GMT" skipped="0">
  <testcase classname="shopping_Admin.ModuleTest.ManageProductTest" name="manageProductTest" time="41.707"/>
</testsuite> <!-- shopping_Admin.ModuleTest.ManageProductTest -->
