<?xml version="1.0" encoding="UTF-8"?>
<!-- Generated by org.testng.reporters.JUnitReportReporter -->
<testsuite hostname="LAPTOP-704UC4MD" failures="0" tests="1" name="shopping_Admin.ModuleTest.CreateSubCategoryTest" time="18.459" errors="0" timestamp="13 Jul 2024 06:46:06 GMT" skipped="0">
  <testcase classname="shopping_Admin.ModuleTest.CreateSubCategoryTest" name="createSubCategoryTest" time="18.459"/>
</testsuite> <!-- shopping_Admin.ModuleTest.CreateSubCategoryTest -->
