<?xml version="1.0" encoding="UTF-8"?>
<!-- Generated by org.testng.reporters.JUnitReportReporter -->
<testsuite hostname="LAPTOP-704UC4MD" failures="0" tests="1" name="shopping_Admin.ModuleTest.DeleteCategoryTest" time="14.228" errors="0" timestamp="14 Jul 2024 18:55:22 GMT" skipped="0">
  <testcase classname="shopping_Admin.ModuleTest.DeleteCategoryTest" name="deleteCategoryTest" time="14.228"/>
</testsuite> <!-- shopping_Admin.ModuleTest.DeleteCategoryTest -->
