<?xml version="1.0" encoding="UTF-8"?>
<!-- Generated by org.testng.reporters.JUnitReportReporter -->
<testsuite hostname="LAPTOP-704UC4MD" failures="0" tests="1" name="shopping_Admin.ModuleTest.CreateCategoryTest" time="18.915" errors="0" timestamp="15 Jul 2024 05:27:44 GMT" skipped="0">
  <testcase classname="shopping_Admin.ModuleTest.CreateCategoryTest" name="createCategoryTest" time="18.915"/>
</testsuite> <!-- shopping_Admin.ModuleTest.CreateCategoryTest -->
